TN:
SF:src/utils/rank.ts
FN:27,getRankColor
FN:39,getFCColor
FN:47,rankDisplay
FN:83,isRankGreaterOrEqual
FNF:4
FNH:4
FNDA:8,getRankColor
FNDA:3,getFCColor
FNDA:24,rankDisplay
FNDA:8,isRankGreaterOrEqual
DA:6,1
DA:7,1
DA:12,1
DA:13,1
DA:14,1
DA:15,1
DA:16,1
DA:17,1
DA:18,1
DA:19,1
DA:20,1
DA:21,1
DA:22,1
DA:23,1
DA:24,1
DA:25,1
DA:27,1
DA:28,8
DA:29,8
DA:34,1
DA:35,1
DA:36,1
DA:37,1
DA:39,1
DA:40,3
DA:41,3
DA:47,1
DA:48,24
DA:51,24
DA:52,6
DA:53,6
DA:56,24
DA:57,1
DA:58,1
DA:60,17
DA:61,17
DA:65,1
DA:66,1
DA:67,1
DA:68,1
DA:69,1
DA:70,1
DA:71,1
DA:72,1
DA:73,1
DA:74,1
DA:75,1
DA:76,1
DA:77,1
DA:78,1
DA:83,1
DA:84,8
DA:85,8
DA:86,8
DA:87,8
LF:55
LH:55
BRDA:27,0,0,8
BRDA:28,1,0,1
BRDA:39,2,0,3
BRDA:40,3,0,1
BRDA:47,4,0,24
BRDA:51,5,0,12
BRDA:51,6,0,6
BRDA:53,7,0,18
BRDA:56,8,0,12
BRDA:56,9,0,1
BRDA:58,10,0,17
BRDA:83,11,0,8
BRDA:84,12,0,2
BRDA:85,13,0,2
BRF:14
BRH:14
end_of_record
TN:
SF:src/utils/shop.ts
FN:1,(empty-report)
FNF:1
FNH:0
FNDA:0,(empty-report)
DA:1,0
DA:3,0
DA:4,0
DA:5,0
DA:6,0
DA:8,0
DA:9,0
DA:10,0
DA:11,0
DA:12,0
DA:13,0
DA:14,0
DA:15,0
DA:16,0
DA:17,0
DA:18,0
DA:20,0
DA:21,0
DA:22,0
DA:24,0
DA:25,0
DA:26,0
DA:27,0
DA:28,0
DA:29,0
DA:30,0
DA:31,0
DA:32,0
DA:33,0
DA:34,0
DA:35,0
DA:36,0
DA:37,0
DA:38,0
DA:39,0
DA:40,0
DA:41,0
DA:42,0
DA:44,0
DA:45,0
DA:46,0
DA:47,0
DA:48,0
LF:43
LH:0
BRDA:1,0,0,0
BRF:1
BRH:0
end_of_record
